action: py27, msg: getenv
cwd: /home/rufat/Desktop/L2_Sem2/Software_Engineering/PW/Pww2/TP
cmd: /home/rufat/Desktop/L2_Sem2/Software_Engineering/PW/Pww2/TP/.tox/py27/bin/python -m pip install pytest
DEPRECATION: Python 2.7 reached the end of its life on January 1st, 2020. Please upgrade your Python as Python 2.7 is no longer maintained. A future version of pip will drop support for Python 2.7. More details about Python 2 support in pip, can be found at https://pip.pypa.io/en/latest/development/release-process/#python-2-support
Collecting pytest
  Using cached pytest-4.6.9-py2.py3-none-any.whl (231 kB)
Collecting pathlib2>=2.2.0; python_version < "3.6"
  Using cached pathlib2-2.3.5-py2.py3-none-any.whl (18 kB)
Collecting importlib-metadata>=0.12; python_version < "3.8"
  Using cached importlib_metadata-1.5.0-py2.py3-none-any.whl (30 kB)
Collecting attrs>=17.4.0
  Using cached attrs-19.3.0-py2.py3-none-any.whl (39 kB)
Collecting more-itertools<6.0.0,>=4.0.0; python_version <= "2.7"
  Using cached more_itertools-5.0.0-py2-none-any.whl (52 kB)
Collecting pluggy<1.0,>=0.12
  Using cached pluggy-0.13.1-py2.py3-none-any.whl (18 kB)
Collecting packaging
  Using cached packaging-20.1-py2.py3-none-any.whl (36 kB)
Collecting six>=1.10.0
  Using cached six-1.14.0-py2.py3-none-any.whl (10 kB)
Collecting atomicwrites>=1.0
  Using cached atomicwrites-1.3.0-py2.py3-none-any.whl (5.9 kB)
Collecting wcwidth
  Using cached wcwidth-0.1.8-py2.py3-none-any.whl (17 kB)
Collecting py>=1.5.0
  Using cached py-1.8.1-py2.py3-none-any.whl (83 kB)
Collecting funcsigs>=1.0; python_version < "3.0"
  Using cached funcsigs-1.0.2-py2.py3-none-any.whl (17 kB)
Processing /home/rufat/.cache/pip/wheels/91/95/75/19c98a91239878abbc7c59970abd3b4e0438a7dd5b61778335/scandir-1.10.0-cp27-cp27mu-linux_x86_64.whl
Collecting contextlib2; python_version < "3"
  Using cached contextlib2-0.6.0.post1-py2.py3-none-any.whl (9.8 kB)
Collecting zipp>=0.5
  Using cached zipp-1.2.0-py2.py3-none-any.whl (4.8 kB)
Collecting configparser>=3.5; python_version < "3"
  Using cached configparser-4.0.2-py2.py3-none-any.whl (22 kB)
Collecting pyparsing>=2.0.2
  Using cached pyparsing-2.4.6-py2.py3-none-any.whl (67 kB)
Installing collected packages: scandir, six, pathlib2, contextlib2, zipp, configparser, importlib-metadata, attrs, more-itertools, pluggy, pyparsing, packaging, atomicwrites, wcwidth, py, funcsigs, pytest
Successfully installed atomicwrites-1.3.0 attrs-19.3.0 configparser-4.0.2 contextlib2-0.6.0.post1 funcsigs-1.0.2 importlib-metadata-1.5.0 more-itertools-5.0.0 packaging-20.1 pathlib2-2.3.5 pluggy-0.13.1 py-1.8.1 pyparsing-2.4.6 pytest-4.6.9 scandir-1.10.0 six-1.14.0 wcwidth-0.1.8 zipp-1.2.0
